-------------------------------------------------------------------------------
Test set: sicred.test.restricoes.GETrestricoesTest
-------------------------------------------------------------------------------
Tests run: 2, Failures: 0, Errors: 1, Skipped: 0, Time elapsed: 2.189 s <<< FAILURE! - in sicred.test.restricoes.GETrestricoesTest
consultaRestricao  Time elapsed: 0.113 s  <<< ERROR!
java.lang.IllegalArgumentException: Schema to use cannot be null
	at sicred.test.restricoes.GETrestricoesTest.consultaRestricao(GETrestricoesTest.java:34)

