<?xml version="1.0" encoding="UTF-8"?>
<testsuite xmlns:xsi="http://www.w3.org/2001/XMLSchema-instance" xsi:noNamespaceSchemaLocation="https://maven.apache.org/surefire/maven-surefire-plugin/xsd/surefire-test-report-3.0.xsd" version="3.0" name="serverest.test.produtos.POSTprodutosTests" time="3.66" tests="6" errors="0" skipped="0" failures="1">
  <properties>
[...]
</properties>
  <testcase name="naoCadastraProdutoNomeNulo" classname="serverest.test.produtos.POSTprodutosTests" time="0.439">
    <system-out><![CDATA[Request method:	POST
Request URI:	https://serverest.dev/usuarios
Proxy:			<none>
Request params:	<none>
Query params:	<none>
Form params:	<none>
Path params:	<none>
Headers:		Accept=*/*
				Content-Type=application/json
Cookies:		<none>
Multiparts:		<none>
Body:
{
    "email": "danny.quigley@hotmail.com",
    "password": "lanvgtsjsa3ytv6",
    "administrador": "true",
    "nome": "Frankie Feil"
}
HTTP/1.1 201 Created
access-control-allow-origin: *
x-dns-prefetch-control: off
x-frame-options: SAMEORIGIN
strict-transport-security: max-age=15552000; includeSubDomains
x-download-options: noopen
x-content-type-options: nosniff
x-xss-protection: 1; mode=block
x-moesif-transaction-id: 1533c017-f0be-4696-858f-8b643b810ac5
content-type: application/json; charset=utf-8
X-Cloud-Trace-Context: 3854089e972295543718c506fc367547
Date: Fri, 28 Jul 2023 16:56:37 GMT
Server: Google Frontend
Content-Length: 82

{
    "message": "Cadastro realizado com sucesso",
    "_id": "H0yMDlvItSCJ4EqR"
}
Request method:	POST
Request URI:	https://serverest.dev/login
Proxy:			<none>
Request params:	<none>
Query params:	<none>
Form params:	<none>
Path params:	<none>
Headers:		Accept=*/*
				Content-Type=application/json
Cookies:		<none>
Multiparts:		<none>
Body:
{
    "email": "danny.quigley@hotmail.com",
    "password": "lanvgtsjsa3ytv6"
}
HTTP/1.1 200 OK
access-control-allow-origin: *
x-dns-prefetch-control: off
x-frame-options: SAMEORIGIN
strict-transport-security: max-age=15552000; includeSubDomains
x-download-options: noopen
x-content-type-options: nosniff
x-xss-protection: 1; mode=block
x-moesif-transaction-id: 70f09f9d-4231-4bc8-8023-71c84c80f7bb
content-type: application/json; charset=utf-8
X-Cloud-Trace-Context: 882b86cc80e5ddd786dc60599e3856ca
Date: Fri, 28 Jul 2023 16:56:38 GMT
Server: Google Frontend
Content-Length: 295

{
    "message": "Login realizado com sucesso",
    "authorization": "Bearer eyJhbGciOiJIUzI1NiIsInR5cCI6IkpXVCJ9.eyJlbWFpbCI6ImRhbm55LnF1aWdsZXlAaG90bWFpbC5jb20iLCJwYXNzd29yZCI6ImxhbnZndHNqc2EzeXR2NiIsImlhdCI6MTY5MDU2MzM5OCwiZXhwIjoxNjkwNTYzOTk4fQ.vZc5Rb7Wr5_xDUeVnoMNTQDxkfR_zgZW6E9Ly8UrD-8"
}
Request method:	POST
Request URI:	https://serverest.dev/produtos
Proxy:			<none>
Request params:	<none>
Query params:	<none>
Form params:	<none>
Path params:	<none>
Headers:		Authorization=Bearer eyJhbGciOiJIUzI1NiIsInR5cCI6IkpXVCJ9.eyJlbWFpbCI6ImRhbm55LnF1aWdsZXlAaG90bWFpbC5jb20iLCJwYXNzd29yZCI6ImxhbnZndHNqc2EzeXR2NiIsImlhdCI6MTY5MDU2MzM5OCwiZXhwIjoxNjkwNTYzOTk4fQ.vZc5Rb7Wr5_xDUeVnoMNTQDxkfR_zgZW6E9Ly8UrD-8
				Accept=*/*
				Content-Type=application/json
Cookies:		<none>
Multiparts:		<none>
Body:
{
    "nome": null,
    "preco": 63,
    "descricao": "Et minus facilis et est non.",
    "quantidade": 965755
}
HTTP/1.1 400 Bad Request
access-control-allow-origin: *
x-dns-prefetch-control: off
x-frame-options: SAMEORIGIN
strict-transport-security: max-age=15552000; includeSubDomains
x-download-options: noopen
x-content-type-options: nosniff
x-xss-protection: 1; mode=block
x-moesif-transaction-id: d5af32b8-bafe-4516-9150-a9f58dfe339d
content-type: application/json; charset=utf-8
X-Cloud-Trace-Context: be53a698e348ddfb560d97f16a652edb
Date: Fri, 28 Jul 2023 16:56:38 GMT
Server: Google Frontend
Content-Length: 42

{
    "nome": "nome deve ser uma string"
}
]]></system-out>
  </testcase>
  <testcase name="naoCadastraProdutoDuplicado" classname="serverest.test.produtos.POSTprodutosTests" time="0.451">
    <system-out><![CDATA[Request method:	POST
Request URI:	https://serverest.dev/produtos
Proxy:			<none>
Request params:	<none>
Query params:	<none>
Form params:	<none>
Path params:	<none>
Headers:		Authorization=Bearer eyJhbGciOiJIUzI1NiIsInR5cCI6IkpXVCJ9.eyJlbWFpbCI6ImRhbm55LnF1aWdsZXlAaG90bWFpbC5jb20iLCJwYXNzd29yZCI6ImxhbnZndHNqc2EzeXR2NiIsImlhdCI6MTY5MDU2MzM5OCwiZXhwIjoxNjkwNTYzOTk4fQ.vZc5Rb7Wr5_xDUeVnoMNTQDxkfR_zgZW6E9Ly8UrD-8
				Accept=*/*
				Content-Type=application/json
Cookies:		<none>
Multiparts:		<none>
Body:
{
    "nome": "Shoes",
    "preco": 630,
    "descricao": "Ipsa fuga similique veniam corporis fugiat alias dolorum.",
    "quantidade": 9
}
HTTP/1.1 400 Bad Request
access-control-allow-origin: *
x-dns-prefetch-control: off
x-frame-options: SAMEORIGIN
strict-transport-security: max-age=15552000; includeSubDomains
x-download-options: noopen
x-content-type-options: nosniff
x-xss-protection: 1; mode=block
x-moesif-transaction-id: 885ce72f-f075-47f7-bce7-9f4ac683376e
content-type: application/json; charset=utf-8
X-Cloud-Trace-Context: 8ae1b754817662b5ad289f00b0175b72
Date: Fri, 28 Jul 2023 16:56:39 GMT
Server: Google Frontend
Content-Length: 53

{
    "message": "Já existe produto com esse nome"
}
]]></system-out>
  </testcase>
  <testcase name="cadastraProduto" classname="serverest.test.produtos.POSTprodutosTests" time="0.458">
    <system-out><![CDATA[Request method:	POST
Request URI:	https://serverest.dev/produtos
Proxy:			<none>
Request params:	<none>
Query params:	<none>
Form params:	<none>
Path params:	<none>
Headers:		Authorization=Bearer eyJhbGciOiJIUzI1NiIsInR5cCI6IkpXVCJ9.eyJlbWFpbCI6ImRhbm55LnF1aWdsZXlAaG90bWFpbC5jb20iLCJwYXNzd29yZCI6ImxhbnZndHNqc2EzeXR2NiIsImlhdCI6MTY5MDU2MzM5OCwiZXhwIjoxNjkwNTYzOTk4fQ.vZc5Rb7Wr5_xDUeVnoMNTQDxkfR_zgZW6E9Ly8UrD-8
				Accept=*/*
				Content-Type=application/json
Cookies:		<none>
Multiparts:		<none>
Body:
{
    "nome": "Sleek Marble Hat",
    "preco": 335675,
    "descricao": "Odit cupiditate at impedit molestias.",
    "quantidade": 90581
}
HTTP/1.1 201 Created
access-control-allow-origin: *
x-dns-prefetch-control: off
x-frame-options: SAMEORIGIN
strict-transport-security: max-age=15552000; includeSubDomains
x-download-options: noopen
x-content-type-options: nosniff
x-xss-protection: 1; mode=block
x-moesif-transaction-id: bf786ded-5f41-4767-b925-8df43bb7edf7
content-type: application/json; charset=utf-8
X-Cloud-Trace-Context: 91853d97ab79c4f20e461c2ad13cb640
Date: Fri, 28 Jul 2023 16:56:39 GMT
Server: Google Frontend
Content-Length: 82

{
    "message": "Cadastro realizado com sucesso",
    "_id": "AYbxrr1jy87LvWIl"
}
]]></system-out>
  </testcase>
  <testcase name="naoCadastraProdutoDescricaoNula" classname="serverest.test.produtos.POSTprodutosTests" time="0.446">
    <system-out><![CDATA[Request method:	POST
Request URI:	https://serverest.dev/produtos
Proxy:			<none>
Request params:	<none>
Query params:	<none>
Form params:	<none>
Path params:	<none>
Headers:		Authorization=Bearer eyJhbGciOiJIUzI1NiIsInR5cCI6IkpXVCJ9.eyJlbWFpbCI6ImRhbm55LnF1aWdsZXlAaG90bWFpbC5jb20iLCJwYXNzd29yZCI6ImxhbnZndHNqc2EzeXR2NiIsImlhdCI6MTY5MDU2MzM5OCwiZXhwIjoxNjkwNTYzOTk4fQ.vZc5Rb7Wr5_xDUeVnoMNTQDxkfR_zgZW6E9Ly8UrD-8
				Accept=*/*
				Content-Type=application/json
Cookies:		<none>
Multiparts:		<none>
Body:
{
    "nome": "Mediocre Aluminum Shirt",
    "preco": 34,
    "descricao": null,
    "quantidade": 4826
}
HTTP/1.1 400 Bad Request
access-control-allow-origin: *
x-dns-prefetch-control: off
x-frame-options: SAMEORIGIN
strict-transport-security: max-age=15552000; includeSubDomains
x-download-options: noopen
x-content-type-options: nosniff
x-xss-protection: 1; mode=block
x-moesif-transaction-id: af84b568-3d93-41e7-b66b-5f0034a20f6d
content-type: application/json; charset=utf-8
X-Cloud-Trace-Context: 81275171fee85b37817a9c957a242df7
Date: Fri, 28 Jul 2023 16:56:40 GMT
Server: Google Frontend
Content-Length: 52

{
    "descricao": "descricao deve ser uma string"
}
]]></system-out>
  </testcase>
  <testcase name="naoCadastraProdutoDescricapVazia" classname="serverest.test.produtos.POSTprodutosTests" time="0.452">
    <failure message="&#10;Expected: is &lt;400&gt;&#10;     but: was &lt;201&gt;" type="java.lang.AssertionError"><![CDATA[java.lang.AssertionError: 

Expected: is <400>
     but: was <201>
	at org.hamcrest.MatcherAssert.assertThat(MatcherAssert.java:20)
	at org.hamcrest.MatcherAssert.assertThat(MatcherAssert.java:6)
	at serverest.test.produtos.POSTprodutosTests.naoCadastraProdutoDescricapVazia(POSTprodutosTests.java:78)
	at java.base/jdk.internal.reflect.DirectMethodHandleAccessor.invoke(DirectMethodHandleAccessor.java:104)
	at java.base/java.lang.reflect.Method.invoke(Method.java:578)
	at org.junit.platform.commons.util.ReflectionUtils.invokeMethod(ReflectionUtils.java:727)
	at org.junit.jupiter.engine.execution.MethodInvocation.proceed(MethodInvocation.java:60)
	at org.junit.jupiter.engine.execution.InvocationInterceptorChain$ValidatingInvocation.proceed(InvocationInterceptorChain.java:131)
	at org.junit.jupiter.api.extension.InvocationInterceptor.interceptTestMethod(InvocationInterceptor.java:118)
	at org.junit.jupiter.engine.execution.InterceptingExecutableInvoker$ReflectiveInterceptorCall.lambda$ofVoidMethod$0(InterceptingExecutableInvoker.java:103)
	at org.junit.jupiter.engine.execution.InterceptingExecutableInvoker.lambda$invoke$0(InterceptingExecutableInvoker.java:93)
	at org.junit.jupiter.engine.execution.InvocationInterceptorChain$InterceptedInvocation.proceed(InvocationInterceptorChain.java:106)
	at org.junit.jupiter.engine.extension.TimeoutExtension.intercept(TimeoutExtension.java:156)
	at org.junit.jupiter.engine.extension.TimeoutExtension.interceptTestableMethod(TimeoutExtension.java:147)
	at org.junit.jupiter.engine.extension.TimeoutExtension.interceptTestMethod(TimeoutExtension.java:86)
	at org.junit.jupiter.engine.execution.InterceptingExecutableInvoker$ReflectiveInterceptorCall.lambda$ofVoidMethod$0(InterceptingExecutableInvoker.java:103)
	at org.junit.jupiter.engine.execution.InterceptingExecutableInvoker.lambda$invoke$0(InterceptingExecutableInvoker.java:93)
	at org.junit.jupiter.engine.execution.InvocationInterceptorChain$InterceptedInvocation.proceed(InvocationInterceptorChain.java:106)
	at org.junit.jupiter.engine.execution.InvocationInterceptorChain.proceed(InvocationInterceptorChain.java:64)
	at org.junit.jupiter.engine.execution.InvocationInterceptorChain.chainAndInvoke(InvocationInterceptorChain.java:45)
	at org.junit.jupiter.engine.execution.InvocationInterceptorChain.invoke(InvocationInterceptorChain.java:37)
	at org.junit.jupiter.engine.execution.InterceptingExecutableInvoker.invoke(InterceptingExecutableInvoker.java:92)
	at org.junit.jupiter.engine.execution.InterceptingExecutableInvoker.invoke(InterceptingExecutableInvoker.java:86)
	at org.junit.jupiter.engine.descriptor.TestMethodTestDescriptor.lambda$invokeTestMethod$7(TestMethodTestDescriptor.java:217)
	at org.junit.platform.engine.support.hierarchical.ThrowableCollector.execute(ThrowableCollector.java:73)
	at org.junit.jupiter.engine.descriptor.TestMethodTestDescriptor.invokeTestMethod(TestMethodTestDescriptor.java:213)
	at org.junit.jupiter.engine.descriptor.TestMethodTestDescriptor.execute(TestMethodTestDescriptor.java:138)
	at org.junit.jupiter.engine.descriptor.TestMethodTestDescriptor.execute(TestMethodTestDescriptor.java:68)
	at org.junit.platform.engine.support.hierarchical.NodeTestTask.lambda$executeRecursively$6(NodeTestTask.java:151)
	at org.junit.platform.engine.support.hierarchical.ThrowableCollector.execute(ThrowableCollector.java:73)
	at org.junit.platform.engine.support.hierarchical.NodeTestTask.lambda$executeRecursively$8(NodeTestTask.java:141)
	at org.junit.platform.engine.support.hierarchical.Node.around(Node.java:137)
	at org.junit.platform.engine.support.hierarchical.NodeTestTask.lambda$executeRecursively$9(NodeTestTask.java:139)
	at org.junit.platform.engine.support.hierarchical.ThrowableCollector.execute(ThrowableCollector.java:73)
	at org.junit.platform.engine.support.hierarchical.NodeTestTask.executeRecursively(NodeTestTask.java:138)
	at org.junit.platform.engine.support.hierarchical.NodeTestTask.execute(NodeTestTask.java:95)
	at java.base/java.util.ArrayList.forEach(ArrayList.java:1511)
	at org.junit.platform.engine.support.hierarchical.SameThreadHierarchicalTestExecutorService.invokeAll(SameThreadHierarchicalTestExecutorService.java:41)
	at org.junit.platform.engine.support.hierarchical.NodeTestTask.lambda$executeRecursively$6(NodeTestTask.java:155)
	at org.junit.platform.engine.support.hierarchical.ThrowableCollector.execute(ThrowableCollector.java:73)
	at org.junit.platform.engine.support.hierarchical.NodeTestTask.lambda$executeRecursively$8(NodeTestTask.java:141)
	at org.junit.platform.engine.support.hierarchical.Node.around(Node.java:137)
	at org.junit.platform.engine.support.hierarchical.NodeTestTask.lambda$executeRecursively$9(NodeTestTask.java:139)
	at org.junit.platform.engine.support.hierarchical.ThrowableCollector.execute(ThrowableCollector.java:73)
	at org.junit.platform.engine.support.hierarchical.NodeTestTask.executeRecursively(NodeTestTask.java:138)
	at org.junit.platform.engine.support.hierarchical.NodeTestTask.execute(NodeTestTask.java:95)
	at java.base/java.util.ArrayList.forEach(ArrayList.java:1511)
	at org.junit.platform.engine.support.hierarchical.SameThreadHierarchicalTestExecutorService.invokeAll(SameThreadHierarchicalTestExecutorService.java:41)
	at org.junit.platform.engine.support.hierarchical.NodeTestTask.lambda$executeRecursively$6(NodeTestTask.java:155)
	at org.junit.platform.engine.support.hierarchical.ThrowableCollector.execute(ThrowableCollector.java:73)
	at org.junit.platform.engine.support.hierarchical.NodeTestTask.lambda$executeRecursively$8(NodeTestTask.java:141)
	at org.junit.platform.engine.support.hierarchical.Node.around(Node.java:137)
	at org.junit.platform.engine.support.hierarchical.NodeTestTask.lambda$executeRecursively$9(NodeTestTask.java:139)
	at org.junit.platform.engine.support.hierarchical.ThrowableCollector.execute(ThrowableCollector.java:73)
	at org.junit.platform.engine.support.hierarchical.NodeTestTask.executeRecursively(NodeTestTask.java:138)
	at org.junit.platform.engine.support.hierarchical.NodeTestTask.execute(NodeTestTask.java:95)
	at org.junit.platform.engine.support.hierarchical.SameThreadHierarchicalTestExecutorService.submit(SameThreadHierarchicalTestExecutorService.java:35)
	at org.junit.platform.engine.support.hierarchical.HierarchicalTestExecutor.execute(HierarchicalTestExecutor.java:57)
	at org.junit.platform.engine.support.hierarchical.HierarchicalTestEngine.execute(HierarchicalTestEngine.java:54)
	at org.junit.platform.launcher.core.EngineExecutionOrchestrator.execute(EngineExecutionOrchestrator.java:107)
	at org.junit.platform.launcher.core.EngineExecutionOrchestrator.execute(EngineExecutionOrchestrator.java:88)
	at org.junit.platform.launcher.core.EngineExecutionOrchestrator.lambda$execute$0(EngineExecutionOrchestrator.java:54)
	at org.junit.platform.launcher.core.EngineExecutionOrchestrator.withInterceptedStreams(EngineExecutionOrchestrator.java:67)
	at org.junit.platform.launcher.core.EngineExecutionOrchestrator.execute(EngineExecutionOrchestrator.java:52)
	at org.junit.platform.launcher.core.DefaultLauncher.execute(DefaultLauncher.java:114)
	at org.junit.platform.launcher.core.DefaultLauncher.execute(DefaultLauncher.java:86)
	at org.junit.platform.launcher.core.DefaultLauncherSession$DelegatingLauncher.execute(DefaultLauncherSession.java:86)
	at org.apache.maven.surefire.junitplatform.LazyLauncher.execute(LazyLauncher.java:55)
	at org.apache.maven.surefire.junitplatform.JUnitPlatformProvider.execute(JUnitPlatformProvider.java:223)
	at org.apache.maven.surefire.junitplatform.JUnitPlatformProvider.invokeAllTests(JUnitPlatformProvider.java:175)
	at org.apache.maven.surefire.junitplatform.JUnitPlatformProvider.invoke(JUnitPlatformProvider.java:139)
	at org.apache.maven.surefire.booter.ForkedBooter.runSuitesInProcess(ForkedBooter.java:456)
	at org.apache.maven.surefire.booter.ForkedBooter.execute(ForkedBooter.java:169)
	at org.apache.maven.surefire.booter.ForkedBooter.run(ForkedBooter.java:595)
	at org.apache.maven.surefire.booter.ForkedBooter.main(ForkedBooter.java:581)
]]></failure>
    <system-out><![CDATA[Request method:	POST
Request URI:	https://serverest.dev/produtos
Proxy:			<none>
Request params:	<none>
Query params:	<none>
Form params:	<none>
Path params:	<none>
Headers:		Authorization=Bearer eyJhbGciOiJIUzI1NiIsInR5cCI6IkpXVCJ9.eyJlbWFpbCI6ImRhbm55LnF1aWdsZXlAaG90bWFpbC5jb20iLCJwYXNzd29yZCI6ImxhbnZndHNqc2EzeXR2NiIsImlhdCI6MTY5MDU2MzM5OCwiZXhwIjoxNjkwNTYzOTk4fQ.vZc5Rb7Wr5_xDUeVnoMNTQDxkfR_zgZW6E9Ly8UrD-8
				Accept=*/*
				Content-Type=application/json
Cookies:		<none>
Multiparts:		<none>
Body:
{
    "nome": "  1690563390264",
    "preco": 4357241,
    "descricao": "  1690563390264",
    "quantidade": 8551398
}
HTTP/1.1 201 Created
access-control-allow-origin: *
x-dns-prefetch-control: off
x-frame-options: SAMEORIGIN
strict-transport-security: max-age=15552000; includeSubDomains
x-download-options: noopen
x-content-type-options: nosniff
x-xss-protection: 1; mode=block
x-moesif-transaction-id: 0a0d1310-b1cd-47c1-b088-d540753184e6
content-type: application/json; charset=utf-8
X-Cloud-Trace-Context: 0a2db83cd4b5dfbacfd4fbc7da30ccc7
Date: Fri, 28 Jul 2023 16:56:40 GMT
Server: Google Frontend
Content-Length: 82

{
    "message": "Cadastro realizado com sucesso",
    "_id": "SWtf0RB9auKDvXyA"
}
]]></system-out>
  </testcase>
  <testcase name="naoCadastraProdutoNomeVazio" classname="serverest.test.produtos.POSTprodutosTests" time="0.447">
    <system-out><![CDATA[Request method:	POST
Request URI:	https://serverest.dev/produtos
Proxy:			<none>
Request params:	<none>
Query params:	<none>
Form params:	<none>
Path params:	<none>
Headers:		Authorization=Bearer eyJhbGciOiJIUzI1NiIsInR5cCI6IkpXVCJ9.eyJlbWFpbCI6ImRhbm55LnF1aWdsZXlAaG90bWFpbC5jb20iLCJwYXNzd29yZCI6ImxhbnZndHNqc2EzeXR2NiIsImlhdCI6MTY5MDU2MzM5OCwiZXhwIjoxNjkwNTYzOTk4fQ.vZc5Rb7Wr5_xDUeVnoMNTQDxkfR_zgZW6E9Ly8UrD-8
				Accept=*/*
				Content-Type=application/json
Cookies:		<none>
Multiparts:		<none>
Body:
{
    "nome": "  1690563390264",
    "preco": 608368,
    "descricao": "Nemo consequatur incidunt est soluta est mollitia.",
    "quantidade": 94
}
HTTP/1.1 400 Bad Request
access-control-allow-origin: *
x-dns-prefetch-control: off
x-frame-options: SAMEORIGIN
strict-transport-security: max-age=15552000; includeSubDomains
x-download-options: noopen
x-content-type-options: nosniff
x-xss-protection: 1; mode=block
x-moesif-transaction-id: aa6aaeea-67f8-4514-a970-30fae1a4b869
content-type: application/json; charset=utf-8
X-Cloud-Trace-Context: 379d30589044fabf3287288df3d074f4
Date: Fri, 28 Jul 2023 16:56:41 GMT
Server: Google Frontend
Content-Length: 53

{
    "message": "Já existe produto com esse nome"
}
]]></system-out>
  </testcase>
</testsuite>