<?xml version="1.0" encoding="UTF-8"?>
<testsuite xmlns:xsi="http://www.w3.org/2001/XMLSchema-instance" xsi:noNamespaceSchemaLocation="https://maven.apache.org/surefire/maven-surefire-plugin/xsd/surefire-test-report-3.0.xsd" version="3.0" name="serverest.test.login.POSTloginTest" time="2.864" tests="4" errors="0" skipped="0" failures="0">
  <properties>
[...]
</properties>
  <testcase name="realizaLoginADM" classname="serverest.test.login.POSTloginTest" time="0.956">
    <system-out><![CDATA[Request method:	POST
Request URI:	https://serverest.dev/usuarios
Proxy:			<none>
Request params:	<none>
Query params:	<none>
Form params:	<none>
Path params:	<none>
Headers:		Accept=*/*
				Content-Type=application/json
Cookies:		<none>
Multiparts:		<none>
Body:
{
    "email": "toby.hagenes@yahoo.com",
    "password": "pq0r640lzbwdr5",
    "administrador": "true",
    "nome": "Eugena Wisoky"
}
HTTP/1.1 201 Created
access-control-allow-origin: *
x-dns-prefetch-control: off
x-frame-options: SAMEORIGIN
strict-transport-security: max-age=15552000; includeSubDomains
x-download-options: noopen
x-content-type-options: nosniff
x-xss-protection: 1; mode=block
x-moesif-transaction-id: 109281f4-953c-4fb5-bda0-430d13d41750
content-type: application/json; charset=utf-8
X-Cloud-Trace-Context: 7ca6f207f7411265700206e4848d7ebe
Date: Fri, 28 Jul 2023 16:56:33 GMT
Server: Google Frontend
Content-Length: 82

{
    "message": "Cadastro realizado com sucesso",
    "_id": "af5kLF0DW9WI43OB"
}
Request method:	POST
Request URI:	https://serverest.dev/login
Proxy:			<none>
Request params:	<none>
Query params:	<none>
Form params:	<none>
Path params:	<none>
Headers:		Accept=*/*
				Content-Type=application/json
Cookies:		<none>
Multiparts:		<none>
Body:
{
    "email": "toby.hagenes@yahoo.com",
    "password": "pq0r640lzbwdr5"
}
HTTP/1.1 200 OK
access-control-allow-origin: *
x-dns-prefetch-control: off
x-frame-options: SAMEORIGIN
strict-transport-security: max-age=15552000; includeSubDomains
x-download-options: noopen
x-content-type-options: nosniff
x-xss-protection: 1; mode=block
x-moesif-transaction-id: 3d016dae-5dc6-4434-a464-b5b64ee42131
content-type: application/json; charset=utf-8
X-Cloud-Trace-Context: 1cea230582be8e118531d1b5f83b6170
Date: Fri, 28 Jul 2023 16:56:33 GMT
Server: Google Frontend
Content-Length: 289

{
    "message": "Login realizado com sucesso",
    "authorization": "Bearer eyJhbGciOiJIUzI1NiIsInR5cCI6IkpXVCJ9.eyJlbWFpbCI6InRvYnkuaGFnZW5lc0B5YWhvby5jb20iLCJwYXNzd29yZCI6InBxMHI2NDBsemJ3ZHI1IiwiaWF0IjoxNjkwNTYzMzkzLCJleHAiOjE2OTA1NjM5OTN9.mH19OkBV40Uh2_7biaMgNwCIk6mOkqbIjB1a5A3SH4Q"
}
]]></system-out>
  </testcase>
  <testcase name="realizaLoginCliente" classname="serverest.test.login.POSTloginTest" time="0.997">
    <system-out><![CDATA[Request method:	POST
Request URI:	https://serverest.dev/usuarios
Proxy:			<none>
Request params:	<none>
Query params:	<none>
Form params:	<none>
Path params:	<none>
Headers:		Accept=*/*
				Content-Type=application/json
Cookies:		<none>
Multiparts:		<none>
Body:
{
    "email": "rossana.reichert@gmail.com",
    "password": "ygx5st4wg",
    "administrador": "false",
    "nome": "Stacey Shields"
}
HTTP/1.1 201 Created
access-control-allow-origin: *
x-dns-prefetch-control: off
x-frame-options: SAMEORIGIN
strict-transport-security: max-age=15552000; includeSubDomains
x-download-options: noopen
x-content-type-options: nosniff
x-xss-protection: 1; mode=block
x-moesif-transaction-id: b7f263bc-8633-41c4-8ea2-1d56987e2acc
content-type: application/json; charset=utf-8
X-Cloud-Trace-Context: 7ade59433923a6f3dd46a5e79b09406f
Date: Fri, 28 Jul 2023 16:56:34 GMT
Server: Google Frontend
Content-Length: 82

{
    "message": "Cadastro realizado com sucesso",
    "_id": "Gn07NV2jdgdHCp8Q"
}
Request method:	POST
Request URI:	https://serverest.dev/login
Proxy:			<none>
Request params:	<none>
Query params:	<none>
Form params:	<none>
Path params:	<none>
Headers:		Accept=*/*
				Content-Type=application/json
Cookies:		<none>
Multiparts:		<none>
Body:
{
    "email": "rossana.reichert@gmail.com",
    "password": "ygx5st4wg"
}
HTTP/1.1 200 OK
access-control-allow-origin: *
x-dns-prefetch-control: off
x-frame-options: SAMEORIGIN
strict-transport-security: max-age=15552000; includeSubDomains
x-download-options: noopen
x-content-type-options: nosniff
x-xss-protection: 1; mode=block
x-moesif-transaction-id: 5a89abe6-323c-486e-b42f-f437d9f7c0fb
content-type: application/json; charset=utf-8
X-Cloud-Trace-Context: 968a781aea10d742d2a1eba7eede2019
Date: Fri, 28 Jul 2023 16:56:34 GMT
Server: Google Frontend
Content-Length: 288

{
    "message": "Login realizado com sucesso",
    "authorization": "Bearer eyJhbGciOiJIUzI1NiIsInR5cCI6IkpXVCJ9.eyJlbWFpbCI6InJvc3NhbmEucmVpY2hlcnRAZ21haWwuY29tIiwicGFzc3dvcmQiOiJ5Z3g1c3Q0d2ciLCJpYXQiOjE2OTA1NjMzOTQsImV4cCI6MTY5MDU2Mzk5NH0.K-tx5JNqLTOOPuZHXm9oNlqkfXdOtXkY8rviuX-uF3I"
}
]]></system-out>
  </testcase>
  <testcase name="naoRealizaLoginInexistente" classname="serverest.test.login.POSTloginTest" time="0.458">
    <system-out><![CDATA[Request method:	POST
Request URI:	https://serverest.dev/login
Proxy:			<none>
Request params:	<none>
Query params:	<none>
Form params:	<none>
Path params:	<none>
Headers:		Accept=*/*
				Content-Type=application/json
Cookies:		<none>
Multiparts:		<none>
Body:
{
    "email": null,
    "password": null
}
HTTP/1.1 400 Bad Request
access-control-allow-origin: *
x-dns-prefetch-control: off
x-frame-options: SAMEORIGIN
strict-transport-security: max-age=15552000; includeSubDomains
x-download-options: noopen
x-content-type-options: nosniff
x-xss-protection: 1; mode=block
x-moesif-transaction-id: 860e0e2b-45e8-47da-aea7-f06634dba522
content-type: application/json; charset=utf-8
X-Cloud-Trace-Context: 2b0f05643ebc0881ba2ba76ec00ff074
Date: Fri, 28 Jul 2023 16:56:35 GMT
Server: Google Frontend
Content-Length: 92

{
    "email": "email deve ser uma string",
    "password": "password deve ser uma string"
}
]]></system-out>
  </testcase>
  <testcase name="naoRealizaLoginInválido" classname="serverest.test.login.POSTloginTest" time="0.432">
    <system-out><![CDATA[Request method:	POST
Request URI:	https://serverest.dev/login
Proxy:			<none>
Request params:	<none>
Query params:	<none>
Form params:	<none>
Path params:	<none>
Headers:		Accept=*/*
				Content-Type=application/json
Cookies:		<none>
Multiparts:		<none>
Body:
{
    "email": null,
    "password": null
}
HTTP/1.1 400 Bad Request
access-control-allow-origin: *
x-dns-prefetch-control: off
x-frame-options: SAMEORIGIN
strict-transport-security: max-age=15552000; includeSubDomains
x-download-options: noopen
x-content-type-options: nosniff
x-xss-protection: 1; mode=block
x-moesif-transaction-id: 1a859ad2-19e0-404b-8a3f-dda4d4ee0193
content-type: application/json; charset=utf-8
X-Cloud-Trace-Context: 1ddbbb72417cc7cbd1b112e428f7e616
Date: Fri, 28 Jul 2023 16:56:35 GMT
Server: Google Frontend
Content-Length: 92

{
    "email": "email deve ser uma string",
    "password": "password deve ser uma string"
}
]]></system-out>
  </testcase>
</testsuite>