<?xml version="1.0" encoding="UTF-8"?>
<testsuite xmlns:xsi="http://www.w3.org/2001/XMLSchema-instance" xsi:noNamespaceSchemaLocation="https://maven.apache.org/surefire/maven-surefire-plugin/xsd/surefire-test-report.xsd" name="sicred.test.simulacoes.GETsimulacoesTest" time="0.084" tests="1" errors="1" skipped="0" failures="0">
  <properties>
[...]
</properties>
  <testcase name="listaSimulacoes" classname="sicred.test.simulacoes.GETsimulacoesTest" time="0.083">
    <error message="Schema to use cannot be null" type="java.lang.IllegalArgumentException">java.lang.IllegalArgumentException: Schema to use cannot be null
	at sicred.test.simulacoes.GETsimulacoesTest.listaSimulacoes(GETsimulacoesTest.java:34)
</error>
    <system-out><![CDATA[HTTP/1.1 200 
Content-Type: application/json;charset=UTF-8
Transfer-Encoding: chunked
Date: Sun, 06 Aug 2023 03:12:11 GMT

[
    {
        "id": 11,
        "nome": "Fulano",
        "cpf": "66414919004",
        "email": "fulano@gmail.com",
        "valor": 11000.00,
        "parcelas": 3,
        "seguro": true
    },
    {
        "id": 12,
        "nome": "Deltrano",
        "cpf": "17822386034",
        "email": "deltrano@gmail.com",
        "valor": 20000.00,
        "parcelas": 5,
        "seguro": false
    },
    {
        "id": 15,
        "nome": "Louis Considine",
        "cpf": "84822333274",
        "email": "rosie.stanton@yahoo.com",
        "valor": 18590.00,
        "parcelas": 10,
        "seguro": true
    },
    {
        "id": 16,
        "nome": "Clifton Runolfsdottir DDS",
        "cpf": "90233842481",
        "email": "bess.herman@gmail.com",
        "valor": 37004.00,
        "parcelas": 9,
        "seguro": false
    },
    {
        "id": 17,
        "nome": "Hoyt Casper PhD",
        "cpf": "72043280745",
        "email": "angelita.hahn@gmail.com",
        "valor": 21624.00,
        "parcelas": 9,
        "seguro": true
    },
    {
        "id": 18,
        "nome": "Ms. Richie Grimes",
        "cpf": "73431475357",
        "email": "john.hessel@yahoo.com",
        "valor": 11026.00,
        "parcelas": 32,
        "seguro": false
    },
    {
        "id": 19,
        "nome": "Kindra Nader",
        "cpf": "30563622520",
        "email": "reginia.kilback@gmail.com",
        "valor": 17630.00,
        "parcelas": 34,
        "seguro": false
    },
    {
        "id": 20,
        "nome": "Israel Tremblay PhD",
        "cpf": "77429128247",
        "email": "blanche.prosacco@gmail.com",
        "valor": 9495.00,
        "parcelas": 42,
        "seguro": true
    },
    {
        "id": 21,
        "nome": "Issac Moore",
        "cpf": "13060211851",
        "email": "yer.robel@hotmail.com",
        "valor": 24571.00,
        "parcelas": 2,
        "seguro": true
    },
    {
        "id": 22,
        "nome": "Dr. Calvin Hayes",
        "cpf": "18616352749",
        "email": "lowell.sawayn@hotmail.com",
        "valor": 3530.00,
        "parcelas": 5,
        "seguro": true
    },
    {
        "id": 23,
        "nome": "Mrs. Quinton O'Reilly",
        "cpf": "10758706628",
        "email": "rodolfo.bogan@gmail.com",
        "valor": 20212.00,
        "parcelas": 32,
        "seguro": true
    },
    {
        "id": 24,
        "nome": "Tommie Schamberger",
        "cpf": "88476746134",
        "email": "neva.halvorson@yahoo.com",
        "valor": 11745.00,
        "parcelas": 26,
        "seguro": true
    },
    {
        "id": 25,
        "nome": "Lyndon Schoen",
        "cpf": "41430253558",
        "email": "omar.blick@yahoo.com",
        "valor": 5751.00,
        "parcelas": 15,
        "seguro": false
    },
    {
        "id": 26,
        "nome": "Lasandra Rowe DDS",
        "cpf": "38175193272",
        "email": "jeannie.harvey@yahoo.com",
        "valor": 32571.00,
        "parcelas": 39,
        "seguro": true
    },
    {
        "id": 27,
        "nome": "Daniel Walker",
        "cpf": "25188155242",
        "email": "theron.berge@gmail.com",
        "valor": 8828.00,
        "parcelas": 31,
        "seguro": false
    },
    {
        "id": 28,
        "nome": "Shirely Heaney",
        "cpf": "79426123505",
        "email": "billie.kihn@hotmail.com",
        "valor": 24126.00,
        "parcelas": 3,
        "seguro": false
    },
    {
        "id": 29,
        "nome": "Hsiu Jerde",
        "cpf": "47098484405",
        "email": "rhett.toy@hotmail.com",
        "valor": 33620.00,
        "parcelas": 20,
        "seguro": false
    },
    {
        "id": 30,
        "nome": "Ms. Georgina Altenwerth",
        "cpf": "58601720660",
        "email": "nancey.gulgowski@yahoo.com",
        "valor": 38773.00,
        "parcelas": 11,
        "seguro": true
    },
    {
        "id": 31,
        "nome": "Zachery MacGyver V",
        "cpf": "46180805140",
        "email": "dominic.senger@hotmail.com",
        "valor": 22807.00,
        "parcelas": 4,
        "seguro": true
    },
    {
        "id": 32,
        "nome": "Deloise Jakubowski III",
        "cpf": "66528998418",
        "email": "rochelle.murazik@gmail.com",
        "valor": 38626.00,
        "parcelas": 30,
        "seguro": true
    },
    {
        "id": 33,
        "nome": "Stacey Graham",
        "cpf": "08343541767",
        "email": "randall.ernser@hotmail.com",
        "valor": 8477.00,
        "parcelas": 18,
        "seguro": true
    }
]
]]></system-out>
  </testcase>
</testsuite>