<?xml version="1.0" encoding="UTF-8"?>
<testsuite xmlns:xsi="http://www.w3.org/2001/XMLSchema-instance" xsi:noNamespaceSchemaLocation="https://maven.apache.org/surefire/maven-surefire-plugin/xsd/surefire-test-report-3.0.xsd" version="3.0" name="serverest.test.carrinhos.DELETEcarrinhosTests" time="9.25" tests="2" errors="0" skipped="0" failures="0">
  <properties>
[...]
</properties>
  <testcase name="CancelaCompra" classname="serverest.test.carrinhos.DELETEcarrinhosTests" time="6.354">
    <system-out><![CDATA[Request method:	POST
Request URI:	https://serverest.dev/usuarios
Proxy:			<none>
Request params:	<none>
Query params:	<none>
Form params:	<none>
Path params:	<none>
Headers:		Accept=*/*
				Content-Type=application/json
Cookies:		<none>
Multiparts:		<none>
Body:
{
    "email": "cheri.bogisich@yahoo.com",
    "password": "cdrzz8qk",
    "administrador": "false",
    "nome": "Chery Upton DDS"
}
HTTP/1.1 201 Created
access-control-allow-origin: *
x-dns-prefetch-control: off
x-frame-options: SAMEORIGIN
strict-transport-security: max-age=15552000; includeSubDomains
x-download-options: noopen
x-content-type-options: nosniff
x-xss-protection: 1; mode=block
x-moesif-transaction-id: 99cc0e04-2d9b-456d-94e6-c1a2b344d81d
content-type: application/json; charset=utf-8
X-Cloud-Trace-Context: baa06f33c541c37388f7b620adc4d464;o=1
Date: Fri, 28 Jul 2023 16:56:26 GMT
Server: Google Frontend
Content-Length: 82

{
    "message": "Cadastro realizado com sucesso",
    "_id": "Q2gpZ3HLeW6AauSH"
}
Request method:	POST
Request URI:	https://serverest.dev/login
Proxy:			<none>
Request params:	<none>
Query params:	<none>
Form params:	<none>
Path params:	<none>
Headers:		Accept=*/*
				Content-Type=application/json
Cookies:		<none>
Multiparts:		<none>
Body:
{
    "email": "cheri.bogisich@yahoo.com",
    "password": "cdrzz8qk"
}
HTTP/1.1 200 OK
access-control-allow-origin: *
x-dns-prefetch-control: off
x-frame-options: SAMEORIGIN
strict-transport-security: max-age=15552000; includeSubDomains
x-download-options: noopen
x-content-type-options: nosniff
x-xss-protection: 1; mode=block
x-moesif-transaction-id: 49627fc2-1ea2-4d0b-8f57-dead8484e56e
content-type: application/json; charset=utf-8
X-Cloud-Trace-Context: 48ce3a6b90ac7f51f303cb6527c318cd
Date: Fri, 28 Jul 2023 16:56:28 GMT
Server: Google Frontend
Content-Length: 284

{
    "message": "Login realizado com sucesso",
    "authorization": "Bearer eyJhbGciOiJIUzI1NiIsInR5cCI6IkpXVCJ9.eyJlbWFpbCI6ImNoZXJpLmJvZ2lzaWNoQHlhaG9vLmNvbSIsInBhc3N3b3JkIjoiY2Ryeno4cWsiLCJpYXQiOjE2OTA1NjMzODgsImV4cCI6MTY5MDU2Mzk4OH0.VeENx7PqDwY7VvZH9kwXo5DxUfx4vRGFsLFbV2PUs5A"
}
Request method:	DELETE
Request URI:	https://serverest.dev/carrinhos/cancelar-compra
Proxy:			<none>
Request params:	<none>
Query params:	<none>
Form params:	<none>
Path params:	<none>
Headers:		Authorization=Bearer eyJhbGciOiJIUzI1NiIsInR5cCI6IkpXVCJ9.eyJlbWFpbCI6ImNoZXJpLmJvZ2lzaWNoQHlhaG9vLmNvbSIsInBhc3N3b3JkIjoiY2Ryeno4cWsiLCJpYXQiOjE2OTA1NjMzODgsImV4cCI6MTY5MDU2Mzk4OH0.VeENx7PqDwY7VvZH9kwXo5DxUfx4vRGFsLFbV2PUs5A
				Accept=*/*
				Content-Type=application/json
Cookies:		<none>
Multiparts:		<none>
Body:			<none>
HTTP/1.1 200 OK
access-control-allow-origin: *
x-dns-prefetch-control: off
x-frame-options: SAMEORIGIN
strict-transport-security: max-age=15552000; includeSubDomains
x-download-options: noopen
x-content-type-options: nosniff
x-xss-protection: 1; mode=block
x-moesif-transaction-id: 05b14693-401b-4819-a5ca-d04ac5472079
content-type: application/json; charset=utf-8
X-Cloud-Trace-Context: 2797c8b51ae18f8acbde5a28f8bfdcc8
Date: Fri, 28 Jul 2023 16:56:29 GMT
Server: Google Frontend
Content-Length: 68

{
    "message": "Não foi encontrado carrinho para esse usuário"
}
]]></system-out>
    <system-err><![CDATA[SLF4J: Failed to load class "org.slf4j.impl.StaticLoggerBinder".
SLF4J: Defaulting to no-operation (NOP) logger implementation
SLF4J: See http://www.slf4j.org/codes.html#StaticLoggerBinder for further details.
]]></system-err>
  </testcase>
  <testcase name="FinalizaCompra" classname="serverest.test.carrinhos.DELETEcarrinhosTests" time="1.437">
    <system-out><![CDATA[Request method:	POST
Request URI:	https://serverest.dev/usuarios
Proxy:			<none>
Request params:	<none>
Query params:	<none>
Form params:	<none>
Path params:	<none>
Headers:		Accept=*/*
				Content-Type=application/json
Cookies:		<none>
Multiparts:		<none>
Body:
{
    "email": "delena.pollich@gmail.com",
    "password": "msjg3ae5c95r",
    "administrador": "false",
    "nome": "Earle Bartell"
}
HTTP/1.1 201 Created
access-control-allow-origin: *
x-dns-prefetch-control: off
x-frame-options: SAMEORIGIN
strict-transport-security: max-age=15552000; includeSubDomains
x-download-options: noopen
x-content-type-options: nosniff
x-xss-protection: 1; mode=block
x-moesif-transaction-id: 542c4d5a-8f96-44fd-8e16-fecd9695e2bb
content-type: application/json; charset=utf-8
X-Cloud-Trace-Context: c8e0c2baf25daed8166b7925dabb124e
Date: Fri, 28 Jul 2023 16:56:29 GMT
Server: Google Frontend
Content-Length: 82

{
    "message": "Cadastro realizado com sucesso",
    "_id": "PTipUW1gSazQNYBR"
}
Request method:	POST
Request URI:	https://serverest.dev/login
Proxy:			<none>
Request params:	<none>
Query params:	<none>
Form params:	<none>
Path params:	<none>
Headers:		Accept=*/*
				Content-Type=application/json
Cookies:		<none>
Multiparts:		<none>
Body:
{
    "email": "delena.pollich@gmail.com",
    "password": "msjg3ae5c95r"
}
HTTP/1.1 200 OK
access-control-allow-origin: *
x-dns-prefetch-control: off
x-frame-options: SAMEORIGIN
strict-transport-security: max-age=15552000; includeSubDomains
x-download-options: noopen
x-content-type-options: nosniff
x-xss-protection: 1; mode=block
x-moesif-transaction-id: 468cfb8d-eb3b-46f5-bf95-39a8020765fd
content-type: application/json; charset=utf-8
X-Cloud-Trace-Context: 04d7da962a60819274a2091211ef81ed
Date: Fri, 28 Jul 2023 16:56:30 GMT
Server: Google Frontend
Content-Length: 289

{
    "message": "Login realizado com sucesso",
    "authorization": "Bearer eyJhbGciOiJIUzI1NiIsInR5cCI6IkpXVCJ9.eyJlbWFpbCI6ImRlbGVuYS5wb2xsaWNoQGdtYWlsLmNvbSIsInBhc3N3b3JkIjoibXNqZzNhZTVjOTVyIiwiaWF0IjoxNjkwNTYzMzkwLCJleHAiOjE2OTA1NjM5OTB9.z3s13iuknEcFqzSflm0gwt8sPP_4Y4H_2xzLaonmoIg"
}
Request method:	DELETE
Request URI:	https://serverest.dev/carrinhos/cancelar-compra
Proxy:			<none>
Request params:	<none>
Query params:	<none>
Form params:	<none>
Path params:	<none>
Headers:		Authorization=Bearer eyJhbGciOiJIUzI1NiIsInR5cCI6IkpXVCJ9.eyJlbWFpbCI6ImRlbGVuYS5wb2xsaWNoQGdtYWlsLmNvbSIsInBhc3N3b3JkIjoibXNqZzNhZTVjOTVyIiwiaWF0IjoxNjkwNTYzMzkwLCJleHAiOjE2OTA1NjM5OTB9.z3s13iuknEcFqzSflm0gwt8sPP_4Y4H_2xzLaonmoIg
				Accept=*/*
				Content-Type=application/json
Cookies:		<none>
Multiparts:		<none>
Body:			<none>
HTTP/1.1 200 OK
access-control-allow-origin: *
x-dns-prefetch-control: off
x-frame-options: SAMEORIGIN
strict-transport-security: max-age=15552000; includeSubDomains
x-download-options: noopen
x-content-type-options: nosniff
x-xss-protection: 1; mode=block
x-moesif-transaction-id: 0eceaef5-ac5b-48e2-85e7-b544073f4bfd
content-type: application/json; charset=utf-8
X-Cloud-Trace-Context: 2c29260e2ba6c15c28c3a8ba47f6d0f1
Date: Fri, 28 Jul 2023 16:56:30 GMT
Server: Google Frontend
Content-Length: 68

{
    "message": "Não foi encontrado carrinho para esse usuário"
}
]]></system-out>
  </testcase>
</testsuite>