<?xml version="1.0" encoding="UTF-8"?>
<testsuite xmlns:xsi="http://www.w3.org/2001/XMLSchema-instance" xsi:noNamespaceSchemaLocation="https://maven.apache.org/surefire/maven-surefire-plugin/xsd/surefire-test-report-3.0.xsd" version="3.0" name="serverest.test.carrinhos.GETcarrinhosTests" time="0.496" tests="1" errors="0" skipped="0" failures="0">
  <properties>
[...]
</properties>
  <testcase name="listaCarrinhos" classname="serverest.test.carrinhos.GETcarrinhosTests" time="0.487">
    <system-out><![CDATA[Request method:	GET
Request URI:	https://serverest.dev/carrinhos
Proxy:			<none>
Request params:	<none>
Query params:	<none>
Form params:	<none>
Path params:	<none>
Headers:		Accept=*/*
				Content-Type=application/json
Cookies:		<none>
Multiparts:		<none>
Body:			<none>
HTTP/1.1 200 OK
access-control-allow-origin: *
x-dns-prefetch-control: off
x-frame-options: SAMEORIGIN
strict-transport-security: max-age=15552000; includeSubDomains
x-download-options: noopen
x-content-type-options: nosniff
x-xss-protection: 1; mode=block
x-moesif-transaction-id: 4b62f6a0-a903-42e0-b770-0bafa3a50e38
content-type: application/json; charset=utf-8
X-Cloud-Trace-Context: e2813bda0a4676ab67d5d50626835c40
Date: Fri, 28 Jul 2023 16:56:31 GMT
Server: Google Frontend
Content-Length: 2107

{
    "quantidade": 5,
    "carrinhos": [
        {
            "produtos": [
                {
                    "idProduto": "BeeJh5lz3k6kSIzA",
                    "quantidade": 9,
                    "precoUnitario": 470
                }
            ],
            "precoTotal": 4230,
            "quantidadeTotal": 9,
            "idUsuario": "b04pQn1DnRdly8MJ",
            "_id": "7aMvwCOX8ZJrZvSS"
        },
        {
            "produtos": [
                {
                    "idProduto": "BeeJh5lz3k6kSIzA",
                    "quantidade": 9,
                    "precoUnitario": 470
                }
            ],
            "precoTotal": 4230,
            "quantidadeTotal": 9,
            "idUsuario": "fhIYbjQpYv3g64rq",
            "_id": "A02BlJd7Sppd8L7f"
        },
        {
            "produtos": [
                {
                    "idProduto": "BeeJh5lz3k6kSIzA",
                    "quantidade": 9,
                    "precoUnitario": 470
                }
            ],
            "precoTotal": 4230,
            "quantidadeTotal": 9,
            "idUsuario": "X4MuRhVnLxSinMBk",
            "_id": "e86CiqWUWhR08CNG"
        },
        {
            "produtos": [
                {
                    "idProduto": "BeeJh5lz3k6kSIzA",
                    "quantidade": 2,
                    "precoUnitario": 470
                },
                {
                    "idProduto": "K6leHdftCeOJj8BJ",
                    "quantidade": 1,
                    "precoUnitario": 5240
                }
            ],
            "precoTotal": 6180,
            "quantidadeTotal": 3,
            "idUsuario": "oUb7aGkMtSEPf6BZ",
            "_id": "qbMqntef4iTOwWfg"
        },
        {
            "produtos": [
                {
                    "idProduto": "BeeJh5lz3k6kSIzA",
                    "quantidade": 9,
                    "precoUnitario": 470
                }
            ],
            "precoTotal": 4230,
            "quantidadeTotal": 9,
            "idUsuario": "VvNhfLhJChqOqKk8",
            "_id": "yc76rWTIqTtZZfto"
        }
    ]
}
{
    "quantidade": 5,
    "carrinhos": [
        {
            "produtos": [
                {
                    "idProduto": "BeeJh5lz3k6kSIzA",
                    "quantidade": 9,
                    "precoUnitario": 470
                }
            ],
            "precoTotal": 4230,
            "quantidadeTotal": 9,
            "idUsuario": "b04pQn1DnRdly8MJ",
            "_id": "7aMvwCOX8ZJrZvSS"
        },
        {
            "produtos": [
                {
                    "idProduto": "BeeJh5lz3k6kSIzA",
                    "quantidade": 9,
                    "precoUnitario": 470
                }
            ],
            "precoTotal": 4230,
            "quantidadeTotal": 9,
            "idUsuario": "fhIYbjQpYv3g64rq",
            "_id": "A02BlJd7Sppd8L7f"
        },
        {
            "produtos": [
                {
                    "idProduto": "BeeJh5lz3k6kSIzA",
                    "quantidade": 9,
                    "precoUnitario": 470
                }
            ],
            "precoTotal": 4230,
            "quantidadeTotal": 9,
            "idUsuario": "X4MuRhVnLxSinMBk",
            "_id": "e86CiqWUWhR08CNG"
        },
        {
            "produtos": [
                {
                    "idProduto": "BeeJh5lz3k6kSIzA",
                    "quantidade": 2,
                    "precoUnitario": 470
                },
                {
                    "idProduto": "K6leHdftCeOJj8BJ",
                    "quantidade": 1,
                    "precoUnitario": 5240
                }
            ],
            "precoTotal": 6180,
            "quantidadeTotal": 3,
            "idUsuario": "oUb7aGkMtSEPf6BZ",
            "_id": "qbMqntef4iTOwWfg"
        },
        {
            "produtos": [
                {
                    "idProduto": "BeeJh5lz3k6kSIzA",
                    "quantidade": 9,
                    "precoUnitario": 470
                }
            ],
            "precoTotal": 4230,
            "quantidadeTotal": 9,
            "idUsuario": "VvNhfLhJChqOqKk8",
            "_id": "yc76rWTIqTtZZfto"
        }
    ]
}
]]></system-out>
  </testcase>
</testsuite>