<?xml version="1.0" encoding="UTF-8"?>
<testsuite xmlns:xsi="http://www.w3.org/2001/XMLSchema-instance" xsi:noNamespaceSchemaLocation="https://maven.apache.org/surefire/maven-surefire-plugin/xsd/surefire-test-report.xsd" name="sicred.test.restricoes.GETrestricoesTest" time="2.452" tests="2" errors="0" skipped="0" failures="0">
  <properties>
[...]
</properties>
  <testcase name="consultaRestricaoInexistente" classname="sicred.test.restricoes.GETrestricoesTest" time="1.302"/>
  <testcase name="consultaRestricao" classname="sicred.test.restricoes.GETrestricoesTest" time="0.395"/>
</testsuite>